<?xml version="1.0" encoding="UTF-8"?>
<!-- Generated by org.testng.reporters.JUnitReportReporter -->
<testsuite skipped="0" hostname="DESKTOP-3JER1AI" name="com.flightbook.TestBase.TestBase" tests="1" failures="0" timestamp="31 Mar 2019 04:55:38 GMT" time="29.124" errors="0">
  <testcase name="init" time="29.124" classname="com.flightbook.TestBase.TestBase"/>
</testsuite> <!-- com.flightbook.TestBase.TestBase -->
